07:41:53,755 I: (ErlangCore.java:64) : Starting CORE Thread[Worker-1,5,main]
07:41:53,817 I: (ErlangCore.java:79) : *** starting Erlide v0.29.11.201502161407 (core=0.24.12.201502161407) (model api=0.24.11.201502161407) *** (Cp1252) ui
07:41:53,864 I: (ErlangCore.java:86) : Started CORE
07:41:53,864 F: (ErlangPlugin.java:88) : Core started
07:42:03,165 F: (ErlangHostnameRetriever.java:40) : Test long hostname: null
07:42:03,165 W: (ErlangHostnameRetriever.java:46) : Can't use null as long name
07:42:05,071 F: (ErlangHostnameRetriever.java:40) : Test long hostname: Dominic
07:42:06,650 W: (ErlangHostnameRetriever.java:46) : Can't use Dominic as long name
07:42:09,262 F: (ErlangHostnameRetriever.java:40) : Test short hostname: Dominic
07:42:09,324 F: (HostnameUtils.java:74) : Detected:: Dominic && null
07:42:09,402 F: (BackendActivator.java:25) : Backend plugin started
07:42:09,433 I: (ErlideUIPlugin.java:130) : Starting UI Thread[Worker-1,5,main]
07:42:09,449 F: (ModelActivator.java:19) : Starting Erlang model api
07:42:09,496 F: (BackendFactory.java:42) : Create ide backend 17.4.0
07:42:09,512 F: (BackendFactory.java:56) : Create backend f8230_Dominic_7d5d58_erlide
07:42:09,715 F: (OtpNodeProxy.java:302) : Runtime f8230_Dominic_7d5d58_erlide@Dominic starting
07:42:09,715 F: (OtpNodeProxy.java:420) : START node :> ["c:\program files\erl6.3/bin/erl", -sname, f8230_Dominic_7d5d58_erlide@Dominic, -setcookie, erlide] *** C:\Users\Dominic\workspace\sew_test3_wdhl
07:42:09,808 F: (OtpNodeProxy.java:213) : f8230_Dominic_7d5d58_erlide@Dominic: waiting connection to peer... 
07:42:10,230 F: (OtpNodeProxy.java:220) : connected!
07:42:10,402 F: (OtpNodeProxy.java:307) : Runtime f8230_Dominic_7d5d58_erlide@Dominic running
07:42:10,840 F: (LogEventHandler.java:27) : info: {"Monitoring java node",jerlide_c7d5e62@Dominic}
07:42:10,840 F: (LogEventHandler.java:27) : info: {"Start monitor process: ",10000000,50000000}
07:42:10,934 F: (ModelActivator.java:30) : Started model api
07:42:11,059 I: (ErlideUIPlugin.java:152) : Started UI
